{"name":"FLG","direction":["PCR","CTD"]}
{"name":"NNF","direction":["CNH","SPV"]}
{"name":"LDS","direction":["FSN","SPM"]}
{"name":"NMM","direction":["CXD","LRK"]}
{"name":"MHT","direction":["TXF","KCB"]}
{"name":"RRS","direction":["BGH","HVX"]}
{"name":"HLD","direction":["LPJ","NGG"]}
{"name":"GFB","direction":["DSN","JFX"]}
{"name":"PSS","direction":["HDG","SMV"]}
{"name":"XJC","direction":["XMH","HGK"]}
{"name":"FJP","direction":["KJR","QHG"]}
{"name":"VRS","direction":["XKT","CPC"]}
{"name":"KKM","direction":["VGJ","KJF"]}
{"name":"HNR","direction":["KDB","PSK"]}
{"name":"RXS","direction":["NDK","RNH"]}
{"name":"JKB","direction":["RFF","TSX"]}
{"name":"KRN","direction":["BGQ","KGK"]}
{"name":"BCV","direction":["XKT","CPC"]}
{"name":"JFV","direction":["VCT","DJS"]}
{"name":"FXP","direction":["TLV","JDV"]}
{"name":"QJX","direction":["GHH","GSK"]}
{"name":"CDR","direction":["SGR","TQC"]}
{"name":"CTD","direction":["XBH","JJP"]}
{"name":"PVN","direction":["JVM","CSF"]}
{"name":"NKR","direction":["FHQ","SNF"]}
{"name":"NDA","direction":["MBM","SQN"]}
{"name":"KCB","direction":["JDG","CPB"]}
{"name":"SJK","direction":["JMT","JMT"]}
{"name":"HVL","direction":["RFQ","CTF"]}
{"name":"RSK","direction":["FXP","BJV"]}
{"name":"TRN","direction":["LVV","MSF"]}
{"name":"NBN","direction":["MPX","PTT"]}
{"name":"QTJ","direction":["BQD","DBR"]}
{"name":"PJC","direction":["MFL","TSD"]}
{"name":"RFJ","direction":["QJM","CVN"]}
{"name":"FCV","direction":["NQB","MJQ"]}
{"name":"NML","direction":["RTB","RTF"]}
{"name":"KGV","direction":["NGB","LDR"]}
{"name":"KRC","direction":["NHR","QCL"]}
{"name":"GSK","direction":["MCF","BRM"]}
{"name":"NQB","direction":["SJX","XBP"]}
{"name":"TFG","direction":["PDN","VGM"]}
{"name":"XPB","direction":["GMV","GDB"]}
{"name":"RTJ","direction":["SPK","HVR"]}
{"name":"RFD","direction":["VND","HVM"]}
{"name":"KGK","direction":["MHP","GMB"]}
{"name":"MBX","direction":["MPX","PTT"]}
{"name":"NMC","direction":["XVB","CCC"]}
{"name":"SLC","direction":["GNH","JHV"]}
{"name":"QDG","direction":["QSL","PJC"]}
{"name":"MLB","direction":["CXV","XBD"]}
{"name":"PRH","direction":["TFC","DNT"]}
{"name":"TVN","direction":["VXM","SLJ"]}
{"name":"QXQ","direction":["FLG","LJS"]}
{"name":"TBB","direction":["FVQ","FNC"]}
{"name":"TLV","direction":["PCS","SXL"]}
{"name":"RSP","direction":["CLL","TGG"]}
{"name":"LPJ","direction":["JNB","JBN"]}
{"name":"MFL","direction":["CNS","QTJ"]}
{"name":"PHN","direction":["HGN","PQS"]}
{"name":"XBP","direction":["MPS","TVN"]}
{"name":"RSJ","direction":["KVS","QDJ"]}
{"name":"TVG","direction":["GGG","QDD"]}
{"name":"HGT","direction":["BCV","VRS"]}
{"name":"SMD","direction":["VTP","MSR"]}
{"name":"BLS","direction":["NHR","QCL"]}
{"name":"QVX","direction":["DMJ","BND"]}
{"name":"RBL","direction":["MFT","JCG"]}
{"name":"JCQ","direction":["LGG","NFH"]}
{"name":"DKN","direction":["XSM","BQJ"]}
{"name":"JFX","direction":["XTJ","LNN"]}
{"name":"QNB","direction":["XNB","BJL"]}
{"name":"TGG","direction":["XVK","VQC"]}
{"name":"PKV","direction":["JXJ","QLQ"]}
{"name":"KDB","direction":["BQN","VGH"]}
{"name":"HSX","direction":["BCF","KPC"]}
{"name":"XVB","direction":["QKR","JCL"]}
{"name":"KHB","direction":["VFG","QVH"]}
{"name":"HSG","direction":["GDB","GMV"]}
{"name":"NHT","direction":["QLM","LHJ"]}
{"name":"NFK","direction":["KJD","FTH"]}
{"name":"RFR","direction":["XBD","CXV"]}
{"name":"MFT","direction":["RKT","SDL"]}
{"name":"HVM","direction":["MLB","RFR"]}
{"name":"PJV","direction":["XNX","LTD"]}
{"name":"QBV","direction":["XNB","BJL"]}
{"name":"DBD","direction":["RRG","RGJ"]}
{"name":"MXD","direction":["VRC","KNL"]}
{"name":"JMT","direction":["VFG","VFG"]}
{"name":"SVS","direction":["KXR","BGS"]}
{"name":"RLT","direction":["HVL","VDS"]}
{"name":"JCL","direction":["DHF","XTT"]}
{"name":"RFK","direction":["MCH","JBX"]}
{"name":"QCJ","direction":["VFM","SQL"]}
{"name":"LVV","direction":["SMQ","QDG"]}
{"name":"VJG","direction":["PXB","MCX"]}
{"name":"CNP","direction":["HBG","RGD"]}
{"name":"JRT","direction":["SGF","RGV"]}
{"name":"CXB","direction":["TRN","XGP"]}
{"name":"PQR","direction":["HVQ","VCJ"]}
{"name":"TJC","direction":["NNF","MNK"]}
{"name":"PSP","direction":["JCG","MFT"]}
{"name":"RTF","direction":["HDL","GGD"]}
{"name":"NKK","direction":["GPR","TMT"]}
{"name":"KGB","direction":["VLR","XQK"]}
{"name":"DXF","direction":["BXF","PBQ"]}
{"name":"DLJ","direction":["JXJ","QLQ"]}
{"name":"CTF","direction":["BDM","JNH"]}
{"name":"GBL","direction":["LBT","LBT"]}
{"name":"KVN","direction":["KDX","QMG"]}
{"name":"VTB","direction":["PNH","TDC"]}
{"name":"XVK","direction":["NHT","GTT"]}
{"name":"HVR","direction":["TBP","GSG"]}
{"name":"VSF","direction":["XJQ","LJC"]}
{"name":"SPV","direction":["KGT","XPR"]}
{"name":"FTX","direction":["KJD","FTH"]}
{"name":"NPK","direction":["XXQ","XVS"]}
{"name":"KVS","direction":["RKG","MKR"]}
{"name":"SLG","direction":["VXJ","BBV"]}
{"name":"MCF","direction":["XTV","LTK"]}
{"name":"PBQ","direction":["RLL","DHX"]}
{"name":"JKS","direction":["SSS","DRM"]}
{"name":"JVR","direction":["FJQ","PPK"]}
{"name":"MKR","direction":["LLQ","BMD"]}
{"name":"DVX","direction":["CHH","LBC"]}
{"name":"LDV","direction":["HFR","FVC"]}
{"name":"DLP","direction":["LXL","QJX"]}
{"name":"TMG","direction":["XMM","PLL"]}
{"name":"KGM","direction":["SXK","VTB"]}
{"name":"JCK","direction":["DBJ","HGT"]}
{"name":"CMD","direction":["JTH","MRV"]}
{"name":"QCL","direction":["PVN","NBF"]}
{"name":"CNJ","direction":["CFC","PKL"]}
{"name":"TPM","direction":["RSN","LXQ"]}
{"name":"DMX","direction":["RVK","FVK"]}
{"name":"KNL","direction":["SMD","HPJ"]}
{"name":"JVM","direction":["QSF","MMJ"]}
{"name":"GGT","direction":["GPR","TMT"]}
{"name":"TFV","direction":["QMH","DKN"]}
{"name":"NQC","direction":["HNR","FQD"]}
{"name":"GNF","direction":["TXF","KCB"]}
{"name":"NMB","direction":["QFL","FJP"]}
{"name":"VTH","direction":["XRX","DMH"]}
{"name":"RQG","direction":["VBK","KHL"]}
{"name":"JBX","direction":["TCR","JDN"]}
{"name":"SSS","direction":["DKX","LQS"]}
{"name":"MPX","direction":["GQC","VTH"]}
{"name":"TVD","direction":["XHT","HSS"]}
{"name":"HVQ","direction":["JPN","FLF"]}
{"name":"PXL","direction":["HMN","DLP"]}
{"name":"QDJ","direction":["MKR","RKG"]}
{"name":"CLG","direction":["TVG","CMZ"]}
{"name":"XVP","direction":["PVQ","PVQ"]}
{"name":"MGM","direction":["NVH","GFB"]}
{"name":"CHL","direction":["XVB","CCC"]}
{"name":"NHR","direction":["PVN","NBF"]}
{"name":"FQX","direction":["HLD","DXH"]}
{"name":"HVX","direction":["MFF","TFJ"]}
{"name":"CNH","direction":["XPR","KGT"]}
{"name":"SFG","direction":["MBX","NBN"]}
{"name":"VXJ","direction":["VSF","KBN"]}
{"name":"RTL","direction":["CFC","PKL"]}
{"name":"BQN","direction":["KLL","LDV"]}
{"name":"KJR","direction":["CQF","HLT"]}
{"name":"DNT","direction":["GBL","PGJ"]}
{"name":"RKG","direction":["BMD","LLQ"]}
{"name":"HPX","direction":["VGT","JFV"]}
{"name":"DBM","direction":["QBV","QNB"]}
{"name":"MJQ","direction":["XBP","SJX"]}
{"name":"SQL","direction":["BFD","FSK"]}
{"name":"MJD","direction":["XFD","JPP"]}
{"name":"QXJ","direction":["TVG","TVG"]}
{"name":"DFN","direction":["HVM","VND"]}
{"name":"DPT","direction":["NMF","PTS"]}
{"name":"XNX","direction":["RBS","TFV"]}
{"name":"KPC","direction":["PLM","PST"]}
{"name":"NPB","direction":["MRV","JTH"]}
{"name":"TFJ","direction":["SJJ","CXB"]}
{"name":"QLM","direction":["KGM","NCN"]}
{"name":"FBG","direction":["NCR","KGV"]}
{"name":"QNP","direction":["DHR","XPJ"]}
{"name":"MNN","direction":["HVQ","VCJ"]}
{"name":"JDJ","direction":["NPB","CMD"]}
{"name":"VXP","direction":["SNF","FHQ"]}
{"name":"SXT","direction":["HQK","BMS"]}
{"name":"THQ","direction":["SHM","XTR"]}
{"name":"NGD","direction":["BPR","PFK"]}
{"name":"RBS","direction":["QMH","DKN"]}
{"name":"LHQ","direction":["BCF","KPC"]}
{"name":"BFD","direction":["MJM","RVQ"]}
{"name":"RFF","direction":["LDX","CLK"]}
{"name":"BCF","direction":["PLM","PST"]}
{"name":"BQD","direction":["HSX","LHQ"]}
{"name":"SBT","direction":["JCQ","TTL"]}
{"name":"JSN","direction":["XQK","VLR"]}
{"name":"VDS","direction":["CTF","RFQ"]}
{"name":"DHR","direction":["LSB","KDH"]}
{"name":"LGM","direction":["JQX","JQX"]}
{"name":"LTV","direction":["CHL","NMC"]}
{"name":"TMJ","direction":["VGJ","KJF"]}
{"name":"BVP","direction":["DXF","CBJ"]}
{"name":"GMB","direction":["HMK","CMC"]}
{"name":"DVK","direction":["CXD","LRK"]}
{"name":"RXP","direction":["XTG","BQS"]}
{"name":"HJH","direction":["HNR","FQD"]}
{"name":"PDL","direction":["FCV","CRB"]}
{"name":"SBL","direction":["NQC","HJH"]}
{"name":"DJS","direction":["LTQ","FLP"]}
{"name":"MSD","direction":["TQC","SGR"]}
{"name":"QHG","direction":["CQF","HLT"]}
{"name":"TQC","direction":["SCQ","BVH"]}
{"name":"NHK","direction":["GPM","XVF"]}
{"name":"TBP","direction":["LJR","MJK"]}
{"name":"KHT","direction":["JFV","VGT"]}
{"name":"PJH","direction":["SFG","KBH"]}
{"name":"DGN","direction":["CNV","VHC"]}
{"name":"KXT","direction":["RXS","PDM"]}
{"name":"GNH","direction":["VCL","PXL"]}
{"name":"MRV","direction":["PGD","GBP"]}
{"name":"SHS","direction":["JMT","KHB"]}
{"name":"JRH","direction":["HPX","KHT"]}
{"name":"NCR","direction":["LDR","NGB"]}
{"name":"BJN","direction":["RQG","CSL"]}
{"name":"RJJ","direction":["RGV","SGF"]}
{"name":"KFD","direction":["FCV","CRB"]}
{"name":"CRD","direction":["CSL","RQG"]}
{"name":"CSF","direction":["QSF","MMJ"]}
{"name":"CXD","direction":["NKK","GGT"]}
{"name":"GXG","direction":["XMH","HGK"]}
{"name":"RDD","direction":["BMS","HQK"]}
{"name":"JDV","direction":["SXL","PCS"]}
{"name":"XQQ","direction":["FPS","KMS"]}
{"name":"QJM","direction":["JKQ","FQX"]}
{"name":"JCG","direction":["SDL","RKT"]}
{"name":"FJD","direction":["VXP","NKR"]}
{"name":"LXF","direction":["JVR","QMX"]}
{"name":"CRB","direction":["NQB","MJQ"]}
{"name":"BLZ","direction":["PRP","XRL"]}
{"name":"QMH","direction":["BQJ","XSM"]}
{"name":"FBN","direction":["SPM","FSN"]}
{"name":"JFK","direction":["QDJ","KVS"]}
{"name":"SRM","direction":["TJC","TGV"]}
{"name":"TQT","direction":["MHT","GNF"]}
{"name":"XPJ","direction":["LSB","KDH"]}
{"name":"VRD","direction":["MNN","PQR"]}
{"name":"MMD","direction":["RDT","XQJ"]}
{"name":"BPX","direction":["RPH","SVS"]}
{"name":"DRF","direction":["CNP","DKR"]}
{"name":"MTX","direction":["RTF","RTB"]}
{"name":"GPT","direction":["QRC","TPM"]}
{"name":"QFL","direction":["QHG","KJR"]}
{"name":"AAA","direction":["FKJ","QVX"]}
{"name":"PGD","direction":["DVX","QCR"]}
{"name":"XSM","direction":["FJB","PJH"]}
{"name":"PDM","direction":["NDK","RNH"]}
{"name":"GJV","direction":["QRC","TPM"]}
{"name":"LBC","direction":["QTQ","QSN"]}
{"name":"XXQ","direction":["KHC","LHG"]}
{"name":"QLQ","direction":["PMM","QNP"]}
{"name":"CMC","direction":["KKM","TMJ"]}
{"name":"PMM","direction":["DHR","XPJ"]}
{"name":"MHP","direction":["HMK","CMC"]}
{"name":"FVK","direction":["NHK","TDM"]}
{"name":"LFM","direction":["QMG","KDX"]}
{"name":"VGT","direction":["VCT","DJS"]}
{"name":"VBR","direction":["RBL","PSP"]}
{"name":"KRV","direction":["KVG","RDN"]}
{"name":"GBP","direction":["DVX","QCR"]}
{"name":"DHF","direction":["QXJ","QXJ"]}
{"name":"PTA","direction":["XRL","PRP"]}
{"name":"GPR","direction":["CTR","PSS"]}
{"name":"LRK","direction":["GGT","NKK"]}
{"name":"DKX","direction":["QCJ","LND"]}
{"name":"JGB","direction":["GNH","JHV"]}
{"name":"SKF","direction":["JBX","MCH"]}
{"name":"JQX","direction":["MBM","SQN"]}
{"name":"JNB","direction":["GXS","SBT"]}
{"name":"TFC","direction":["GBL","GBL"]}
{"name":"DBG","direction":["FLG","LJS"]}
{"name":"SJC","direction":["TGV","TJC"]}
{"name":"SDL","direction":["RSP","KHM"]}
{"name":"KMR","direction":["LGM","LGM"]}
{"name":"LTK","direction":["DBG","QXQ"]}
{"name":"QSM","direction":["KVN","LFM"]}
{"name":"NFH","direction":["RCT","BQT"]}
{"name":"PCS","direction":["DRF","TST"]}
{"name":"JCN","direction":["JRH","MNQ"]}
{"name":"TTL","direction":["NFH","LGG"]}
{"name":"PQH","direction":["XTR","SHM"]}
{"name":"JBN","direction":["SBT","GXS"]}
{"name":"KBH","direction":["MBX","NBN"]}
{"name":"VXM","direction":["SBL","KXX"]}
{"name":"SCQ","direction":["LDG","TFG"]}
{"name":"RTB","direction":["GGD","HDL"]}
{"name":"MRF","direction":["PDH","PXQ"]}
{"name":"KLL","direction":["FVC","HFR"]}
{"name":"QMX","direction":["PPK","FJQ"]}
{"name":"VXQ","direction":["RGJ","RRG"]}
{"name":"BBV","direction":["KBN","VSF"]}
{"name":"NBF","direction":["JVM","CSF"]}
{"name":"XTG","direction":["SLG","CMV"]}
{"name":"XMF","direction":["QJM","CVN"]}
{"name":"DFB","direction":["PBM","DMX"]}
{"name":"PNH","direction":["TBB","JSS"]}
{"name":"XPR","direction":["FBG","XXX"]}
{"name":"JPP","direction":["HHD","PVP"]}
{"name":"XBH","direction":["PKB","LTX"]}
{"name":"XNB","direction":["BGD","LPL"]}
{"name":"RVB","direction":["BMC","PRH"]}
{"name":"HSS","direction":["KMR","RLK"]}
{"name":"GNG","direction":["VQH","NMB"]}
{"name":"LQS","direction":["QCJ","LND"]}
{"name":"BMD","direction":["JRT","RJJ"]}
{"name":"VFM","direction":["BFD","FSK"]}
{"name":"LXZ","direction":["LQP","JBG"]}
{"name":"MBH","direction":["RPH","SVS"]}
{"name":"QRC","direction":["LXQ","RSN"]}
{"name":"LLQ","direction":["JRT","RJJ"]}
{"name":"KBN","direction":["LJC","XJQ"]}
{"name":"SCR","direction":["QLV","NRT"]}
{"name":"SXL","direction":["DRF","TST"]}
{"name":"VGM","direction":["GHN","FJD"]}
{"name":"FLP","direction":["NLN","PHN"]}
{"name":"PFK","direction":["RFJ","XMF"]}
{"name":"BMS","direction":["MMX","JDJ"]}
{"name":"PNC","direction":["KJV","NPK"]}
{"name":"TTM","direction":["JQX","RLZ"]}
{"name":"LGG","direction":["BQT","RCT"]}
{"name":"VPM","direction":["GNG","RTH"]}
{"name":"BJL","direction":["BGD","LPL"]}
{"name":"CXV","direction":["VKG","KHK"]}
{"name":"RFQ","direction":["BDM","JNH"]}
{"name":"DQX","direction":["JLX","RXP"]}
{"name":"BGH","direction":["TFJ","MFF"]}
{"name":"HHD","direction":["LHC","FHR"]}
{"name":"SHM","direction":["GVF","KXT"]}
{"name":"HGK","direction":["KRV","PNG"]}
{"name":"BMC","direction":["TFC","TFC"]}
{"name":"MSR","direction":["SRN","TQT"]}
{"name":"KHL","direction":["RFK","SKF"]}
{"name":"XFD","direction":["PVP","HHD"]}
{"name":"FCK","direction":["PVQ","GGC"]}
{"name":"QCR","direction":["CHH","LBC"]}
{"name":"LTX","direction":["MGM","VFD"]}
{"name":"BGQ","direction":["GMB","MHP"]}
{"name":"XFJ","direction":["NRT","QLV"]}
{"name":"TGV","direction":["NNF","MNK"]}
{"name":"KXX","direction":["HJH","NQC"]}
{"name":"DKR","direction":["RGD","HBG"]}
{"name":"LND","direction":["SQL","VFM"]}
{"name":"DBR","direction":["HSX","LHQ"]}
{"name":"DJB","direction":["MRF","PHJ"]}
{"name":"VKG","direction":["RTJ","HKL"]}
{"name":"JPN","direction":["KMT","TVD"]}
{"name":"LNF","direction":["FGQ","NTG"]}
{"name":"NDK","direction":["DFB","LLF"]}
{"name":"MMJ","direction":["RQH","QSG"]}
{"name":"NMF","direction":["LJT","BPS"]}
{"name":"JMF","direction":["SRM","SJC"]}
{"name":"RGV","direction":["MBH","BPX"]}
{"name":"MBM","direction":["XNR","VJK"]}
{"name":"JGT","direction":["CQT","LXF"]}
{"name":"XTT","direction":["QXJ","CLG"]}
{"name":"SLJ","direction":["SBL","KXX"]}
{"name":"JNC","direction":["NMF","PTS"]}
{"name":"VJK","direction":["HVG","LDT"]}
{"name":"XQK","direction":["BTX","QLN"]}
{"name":"SNR","direction":["DTS","LNF"]}
{"name":"MQR","direction":["FGG","CCV"]}
{"name":"VCJ","direction":["JPN","FLF"]}
{"name":"QTN","direction":["VRC","KNL"]}
{"name":"RLZ","direction":["SQN","MBM"]}
{"name":"FNC","direction":["SRX","JQD"]}
{"name":"GCD","direction":["DLJ","PKV"]}
{"name":"SQT","direction":["PKV","DLJ"]}
{"name":"LHC","direction":["MMD","CNR"]}
{"name":"HGN","direction":["QJH","BMR"]}
{"name":"QSL","direction":["TSD","MFL"]}
{"name":"BGS","direction":["DVK","NMM"]}
{"name":"CCC","direction":["QKR","JCL"]}
{"name":"TSX","direction":["CLK","LDX"]}
{"name":"PRP","direction":["MJD","XMS"]}
{"name":"RCT","direction":["KRC","BLS"]}
{"name":"QMM","direction":["XNN","QSM"]}
{"name":"MCX","direction":["SGP","PJV"]}
{"name":"SQN","direction":["XNR","VJK"]}
{"name":"BVH","direction":["TFG","LDG"]}
{"name":"VFD","direction":["GFB","NVH"]}
{"name":"SCV","direction":["SJC","SRM"]}
{"name":"TDM","direction":["XVF","GPM"]}
{"name":"DTS","direction":["FGQ","NTG"]}
{"name":"RDT","direction":["RNF","RLT"]}
{"name":"HKL","direction":["SPK","HVR"]}
{"name":"TCK","direction":["TSX","RFF"]}
{"name":"HDL","direction":["BNL","RRS"]}
{"name":"CVN","direction":["FQX","JKQ"]}
{"name":"PBA","direction":["DFN","RFD"]}
{"name":"PGJ","direction":["LBT","BLZ"]}
{"name":"DPM","direction":["MNN","PQR"]}
{"name":"KHC","direction":["QMM","KVL"]}
{"name":"BRM","direction":["LTK","XTV"]}
{"name":"VTP","direction":["TQT","SRN"]}
{"name":"DBJ","direction":["VRS","BCV"]}
{"name":"JTP","direction":["VHC","CNV"]}
{"name":"HMK","direction":["TMJ","KKM"]}
{"name":"JQD","direction":["GCD","SQT"]}
{"name":"QDD","direction":["TNT","VJG"]}
{"name":"FQD","direction":["KDB","PSK"]}
{"name":"QLV","direction":["VBR","BXG"]}
{"name":"LXL","direction":["GHH","GSK"]}
{"name":"MMX","direction":["NPB","CMD"]}
{"name":"VFG","direction":["MKX","MKX"]}
{"name":"PDH","direction":["NHJ","LTV"]}
{"name":"RGJ","direction":["DQX","VLD"]}
{"name":"NHJ","direction":["CHL","NMC"]}
{"name":"NLN","direction":["HGN","PQS"]}
{"name":"LTQ","direction":["NLN","PHN"]}
{"name":"RRG","direction":["DQX","VLD"]}
{"name":"VHC","direction":["SXT","RDD"]}
{"name":"VGJ","direction":["QMC","TMG"]}
{"name":"HFR","direction":["JCN","RNJ"]}
{"name":"GGC","direction":["JHJ","MNP"]}
{"name":"QLN","direction":["NNM","PNC"]}
{"name":"XTV","direction":["QXQ","DBG"]}
{"name":"QCN","direction":["SSS","DRM"]}
{"name":"LJS","direction":["PCR","CTD"]}
{"name":"GMV","direction":["HQM","KRN"]}
{"name":"JDN","direction":["RSK","SLM"]}
{"name":"SMQ","direction":["PJC","QSL"]}
{"name":"LJC","direction":["SMH","VPM"]}
{"name":"CHH","direction":["QTQ","QSN"]}
{"name":"CMZ","direction":["QDD","GGG"]}
{"name":"CDC","direction":["BPR","PFK"]}
{"name":"NCN","direction":["SXK","VTB"]}
{"name":"GHH","direction":["BRM","MCF"]}
{"name":"MNQ","direction":["HPX","KHT"]}
{"name":"JLX","direction":["BQS","XTG"]}
{"name":"VND","direction":["RFR","MLB"]}
{"name":"QMC","direction":["XMM","PLL"]}
{"name":"BPS","direction":["JFK","RSJ"]}
{"name":"SNF","direction":["XPB","HSG"]}
{"name":"BPR","direction":["XMF","RFJ"]}
{"name":"JHJ","direction":["DHH","DHH"]}
{"name":"XKT","direction":["NFK","FTX"]}
{"name":"BDM","direction":["PDL","KFD"]}
{"name":"GHN","direction":["NKR","VXP"]}
{"name":"RTH","direction":["VQH","NMB"]}
{"name":"SGR","direction":["SCQ","BVH"]}
{"name":"MNK","direction":["CNH","SPV"]}
{"name":"QKR","direction":["DHF","DHF"]}
{"name":"HLT","direction":["XVP","FCK"]}
{"name":"JJP","direction":["LTX","PKB"]}
{"name":"NGB","direction":["JSN","KGB"]}
{"name":"BXB","direction":["LNF","DTS"]}
{"name":"RVQ","direction":["QQM","XQQ"]}
{"name":"PLL","direction":["DBD","VXQ"]}
{"name":"XDL","direction":["CBJ","DXF"]}
{"name":"KJF","direction":["QMC","TMG"]}
{"name":"VQH","direction":["QFL","FJP"]}
{"name":"RKT","direction":["RSP","KHM"]}
{"name":"VFL","direction":["PHJ","MRF"]}
{"name":"MNP","direction":["DHH","ZZZ"]}
{"name":"LHJ","direction":["NCN","KGM"]}
{"name":"DMH","direction":["KNV","MKP"]}
{"name":"RLL","direction":["SCR","XFJ"]}
{"name":"BNL","direction":["BGH","HVX"]}
{"name":"XLB","direction":["JCK","MXG"]}
{"name":"PCR","direction":["JJP","XBH"]}
{"name":"KDH","direction":["DJB","VFL"]}
{"name":"XTR","direction":["GVF","KXT"]}
{"name":"PSK","direction":["VGH","BQN"]}
{"name":"DVA","direction":["JBG","LQP"]}
{"name":"MFF","direction":["CXB","SJJ"]}
{"name":"GQC","direction":["XRX","DMH"]}
{"name":"CFC","direction":["TCK","JKB"]}
{"name":"RNJ","direction":["MNQ","JRH"]}
{"name":"BND","direction":["KCQ","JGT"]}
{"name":"GXS","direction":["TTL","JCQ"]}
{"name":"LDR","direction":["JSN","KGB"]}
{"name":"CQF","direction":["XVP","FCK"]}
{"name":"BJV","direction":["TLV","JDV"]}
{"name":"KXR","direction":["DVK","NMM"]}
{"name":"PBM","direction":["FVK","RVK"]}
{"name":"MJM","direction":["XQQ","QQM"]}
{"name":"LLF","direction":["PBM","DMX"]}
{"name":"MKP","direction":["NGV","KHN"]}
{"name":"XMM","direction":["DBD","VXQ"]}
{"name":"MNT","direction":["DFN","RFD"]}
{"name":"FGG","direction":["JTP","DGN"]}
{"name":"XRX","direction":["MKP","KNV"]}
{"name":"CLK","direction":["GXG","XJC"]}
{"name":"CPM","direction":["NGD","CDC"]}
{"name":"SGF","direction":["MBH","BPX"]}
{"name":"MXG","direction":["HGT","DBJ"]}
{"name":"SDS","direction":["QNB","QBV"]}
{"name":"NNM","direction":["NPK","KJV"]}
{"name":"BXG","direction":["PSP","RBL"]}
{"name":"SXK","direction":["PNH","TDC"]}
{"name":"PQS","direction":["QJH","BMR"]}
{"name":"FSK","direction":["MJM","RVQ"]}
{"name":"CPC","direction":["FTX","NFK"]}
{"name":"KVL","direction":["XNN","QSM"]}
{"name":"JDG","direction":["GPT","GJV"]}
{"name":"XRL","direction":["MJD","XMS"]}
{"name":"HPJ","direction":["VTP","MSR"]}
{"name":"CBJ","direction":["BXF","PBQ"]}
{"name":"PDN","direction":["GHN","FJD"]}
{"name":"SGP","direction":["XNX","LTD"]}
{"name":"QVH","direction":["MKX","LXZ"]}
{"name":"RNF","direction":["HVL","VDS"]}
{"name":"CLL","direction":["XVK","VQC"]}
{"name":"QSF","direction":["RQH","QSG"]}
{"name":"PKB","direction":["VFD","MGM"]}
{"name":"KHN","direction":["BVP","XDL"]}
{"name":"KJD","direction":["RTL","CNJ"]}
{"name":"VRC","direction":["HPJ","SMD"]}
{"name":"FTH","direction":["RTL","CNJ"]}
{"name":"BQS","direction":["SLG","CMV"]}
{"name":"LCP","direction":["MNT","MNT"]}
{"name":"GVF","direction":["RXS","PDM"]}
{"name":"LNN","direction":["MBC","XDQ"]}
{"name":"LJR","direction":["MXD","QTN"]}
{"name":"XJQ","direction":["VPM","SMH"]}
{"name":"DHH","direction":["FKJ","QVX"]}
{"name":"FVC","direction":["JCN","RNJ"]}
{"name":"GPM","direction":["SNR","BXB"]}
{"name":"QSG","direction":["JNC","DPT"]}
{"name":"CNV","direction":["RDD","SXT"]}
{"name":"FLF","direction":["KMT","TVD"]}
{"name":"PNG","direction":["KVG","RDN"]}
{"name":"FVQ","direction":["JQD","SRX"]}
{"name":"TXF","direction":["JDG","CPB"]}
{"name":"XTJ","direction":["XDQ","MBC"]}
{"name":"HVG","direction":["FRN","MQR"]}
{"name":"PXB","direction":["PJV","SGP"]}
{"name":"PTS","direction":["BPS","LJT"]}
{"name":"TMT","direction":["CTR","PSS"]}
{"name":"GDB","direction":["KRN","HQM"]}
{"name":"HMN","direction":["LXL","QJX"]}
{"name":"VQC","direction":["NHT","GTT"]}
{"name":"HDG","direction":["LCP","LCP"]}
{"name":"KHK","direction":["HKL","RTJ"]}
{"name":"FRN","direction":["FGG","CCV"]}
{"name":"FKJ","direction":["DMJ","BND"]}
{"name":"PVJ","direction":["NGD","CDC"]}
{"name":"PVQ","direction":["JHJ","JHJ"]}
{"name":"SLM","direction":["BJV","FXP"]}
{"name":"MSF","direction":["QDG","SMQ"]}
{"name":"SPK","direction":["TBP","GSG"]}
{"name":"PPK","direction":["MSD","CDR"]}
{"name":"CCV","direction":["DGN","JTP"]}
{"name":"TDC","direction":["TBB","JSS"]}
{"name":"PLM","direction":["RVB","PXV"]}
{"name":"MKX","direction":["JBG","LQP"]}
{"name":"PMZ","direction":["RFD","DFN"]}
{"name":"RPH","direction":["KXR","BGS"]}
{"name":"JSS","direction":["FVQ","FNC"]}
{"name":"XVF","direction":["SNR","BXB"]}
{"name":"SMV","direction":["LCP","VPH"]}
{"name":"KMS","direction":["LDS","FBN"]}
{"name":"KJV","direction":["XVS","XXQ"]}
{"name":"SRX","direction":["GCD","SQT"]}
{"name":"GTT","direction":["QLM","LHJ"]}
{"name":"DMJ","direction":["KCQ","JGT"]}
{"name":"LQP","direction":["PQH","THQ"]}
{"name":"BMR","direction":["SLC","JGB"]}
{"name":"VPH","direction":["MNT","PMZ"]}
{"name":"SMH","direction":["GNG","RTH"]}
{"name":"XXX","direction":["KGV","NCR"]}
{"name":"PKL","direction":["TCK","JKB"]}
{"name":"XVS","direction":["LHG","KHC"]}
{"name":"HCA","direction":["GGG","QDD"]}
{"name":"LHG","direction":["QMM","KVL"]}
{"name":"KMT","direction":["XHT","HSS"]}
{"name":"CNS","direction":["BQD","DBR"]}
{"name":"CQT","direction":["QMX","JVR"]}
{"name":"FSN","direction":["SDS","DBM"]}
{"name":"QMG","direction":["XLB","TKJ"]}
{"name":"QQM","direction":["KMS","FPS"]}
{"name":"RQH","direction":["JNC","DPT"]}
{"name":"NGV","direction":["XDL","BVP"]}
{"name":"XMH","direction":["KRV","PNG"]}
{"name":"JXJ","direction":["QNP","PMM"]}
{"name":"RGD","direction":["JKS","QCN"]}
{"name":"LDG","direction":["VGM","PDN"]}
{"name":"DHX","direction":["XFJ","SCR"]}
{"name":"XBD","direction":["VKG","KHK"]}
{"name":"MBC","direction":["MTX","NML"]}
{"name":"SKK","direction":["SJK","SHS"]}
{"name":"XDQ","direction":["MTX","NML"]}
{"name":"VGH","direction":["KLL","LDV"]}
{"name":"VLD","direction":["RXP","JLX"]}
{"name":"KVG","direction":["DPM","VRD"]}
{"name":"LTD","direction":["RBS","TFV"]}
{"name":"FHR","direction":["MMD","CNR"]}
{"name":"PXV","direction":["BMC","PRH"]}
{"name":"KHM","direction":["TGG","CLL"]}
{"name":"GGG","direction":["TNT","VJG"]}
{"name":"TNT","direction":["PXB","MCX"]}
{"name":"FPS","direction":["FBN","LDS"]}
{"name":"PVP","direction":["FHR","LHC"]}
{"name":"CMV","direction":["VXJ","BBV"]}
{"name":"RSN","direction":["CPM","PVJ"]}
{"name":"NTG","direction":["BJN","CRD"]}
{"name":"BQJ","direction":["FJB","PJH"]}
{"name":"SJX","direction":["MPS","TVN"]}
{"name":"LPL","direction":["SKK","HTT"]}
{"name":"CPB","direction":["GJV","GPT"]}
{"name":"DRM","direction":["DKX","LQS"]}
{"name":"XQJ","direction":["RLT","RNF"]}
{"name":"CSL","direction":["VBK","KHL"]}
{"name":"TCR","direction":["RSK","SLM"]}
{"name":"DSN","direction":["XTJ","LNN"]}
{"name":"VCT","direction":["FLP","LTQ"]}
{"name":"JHV","direction":["VCL","PXL"]}
{"name":"PXQ","direction":["NHJ","LTV"]}
{"name":"LSB","direction":["VFL","DJB"]}
{"name":"VBK","direction":["SKF","RFK"]}
{"name":"NVH","direction":["JFX","DSN"]}
{"name":"GGD","direction":["RRS","BNL"]}
{"name":"LDX","direction":["XJC","GXG"]}
{"name":"FJB","direction":["SFG","KBH"]}
{"name":"LDT","direction":["MQR","FRN"]}
{"name":"QSN","direction":["SCV","JMF"]}
{"name":"BGD","direction":["SKK","HTT"]}
{"name":"GSG","direction":["MJK","LJR"]}
{"name":"CNR","direction":["XQJ","RDT"]}
{"name":"NRT","direction":["VBR","BXG"]}
{"name":"NGG","direction":["JBN","JNB"]}
{"name":"ZZZ","direction":["QVX","FKJ"]}
{"name":"FGQ","direction":["BJN","CRD"]}
{"name":"KNV","direction":["KHN","NGV"]}
{"name":"XNR","direction":["HVG","LDT"]}
{"name":"PHJ","direction":["PDH","PXQ"]}
{"name":"LBT","direction":["XRL","PRP"]}
{"name":"HQK","direction":["MMX","JDJ"]}
{"name":"BXF","direction":["RLL","DHX"]}
{"name":"TKJ","direction":["MXG","JCK"]}
{"name":"SJJ","direction":["TRN","XGP"]}
{"name":"HBG","direction":["JKS","QCN"]}
{"name":"KCQ","direction":["LXF","CQT"]}
{"name":"XMS","direction":["XFD","JPP"]}
{"name":"LXQ","direction":["CPM","PVJ"]}
{"name":"JTH","direction":["GBP","PGD"]}
{"name":"RLK","direction":["LGM","TTM"]}
{"name":"TST","direction":["DKR","CNP"]}
{"name":"BQT","direction":["KRC","BLS"]}
{"name":"VCL","direction":["HMN","DLP"]}
{"name":"RDN","direction":["VRD","DPM"]}
{"name":"XGP","direction":["MSF","LVV"]}
{"name":"KGT","direction":["XXX","FBG"]}
{"name":"HTT","direction":["SJK","SHS"]}
{"name":"PST","direction":["RVB","PXV"]}
{"name":"JKQ","direction":["DXH","HLD"]}
{"name":"JNH","direction":["PDL","KFD"]}
{"name":"RNH","direction":["LLF","DFB"]}
{"name":"KDX","direction":["XLB","TKJ"]}
{"name":"PTT","direction":["GQC","VTH"]}
{"name":"FHQ","direction":["XPB","HSG"]}
{"name":"XNN","direction":["LFM","KVN"]}
{"name":"MCH","direction":["JDN","TCR"]}
{"name":"MPS","direction":["VXM","SLJ"]}
{"name":"BTX","direction":["NNM","PNC"]}
{"name":"CTR","direction":["HDG","HDG"]}
{"name":"QJH","direction":["JGB","SLC"]}
{"name":"SPM","direction":["SDS","DBM"]}
{"name":"FJQ","direction":["CDR","MSD"]}
{"name":"DXH","direction":["NGG","LPJ"]}
{"name":"VLR","direction":["BTX","QLN"]}
{"name":"SRN","direction":["GNF","MHT"]}
{"name":"MJK","direction":["QTN","MXD"]}
{"name":"QTQ","direction":["SCV","JMF"]}
{"name":"HQM","direction":["KGK","BGQ"]}
{"name":"RVK","direction":["TDM","NHK"]}
{"name":"JBG","direction":["THQ","PQH"]}
{"name":"TSD","direction":["CNS","QTJ"]}
{"name":"LJT","direction":["RSJ","JFK"]}
{"name":"XHT","direction":["KMR","KMR"]}