238T7,169,490203081007
257K8,597,490205071308
26578,831,490206050708
26J93,60,490206110903
2876J,694,490208070611
28T76,44,490208100706
28J6T,240,490208110610
295Q8,914,490209051208
29TQ5,91,490209101205
2T97A,665,490210090714
2T983,100,490210090803
2J4TA,951,490211041014
2K5J6,933,490213051106
2K968,68,490213090608
2AQ5K,200,490214120513
32594,960,490302050904
34982,278,490304090802
34Q82,472,490304120802
3754J,744,490307050411
3782A,195,490307080214
3924J,716,490309020411
398JQ,582,490309081112
3TJK7,792,490310111307
3J57A,817,490311050714
3Q9A5,777,490312091405
3KJ27,560,490313110207
3A269,128,490314020609
3A4T7,894,490314041007
3AQT8,157,490314121008
4236J,222,490402030611
428JA,569,490402081114
4295K,89,490402090513
4297A,451,490402090714
4382A,622,490403080214
43895,140,490403080905
468Q9,827,490406081209
49T85,411,490409100805
4T278,852,490410020708
4T6QA,905,490410061214
4JT95,920,490411100905
4Q9T3,990,490412091003
4K869,885,490413080609
4A693,643,490414060903
523T4,722,490502031004
532QT,998,490503021210
536A4,170,490503061404
5389A,234,490503080914
54379,493,490504030709
562J3,767,490506021103
56839,644,490506080309
56T28,99,490506100208
56AQJ,320,490506141211
56AK9,142,490506141309
58T34,85,490508100304
5TK62,457,490510130602
5J39Q,743,490511030912
5Q49K,866,490512040913
5Q4A3,692,490512041403
5QKA6,876,490512131406
5A6J3,58,490514061103
5AJ3K,412,490514110313
62QJ5,539,490602121105
632AJ,294,490603021411
645Q2,471,490604051202
64952,62,490604090502
64TJ8,630,490604101108
64J59,532,490604110509
64JQ8,499,490604111208
6572J,345,490605070211
678J4,123,490607081104
68TQ4,151,490608101204
69A52,566,490609140502
6T548,859,490610050408
6TA39,171,490610140309
6TA79,858,490610140709
6J72A,606,490611070214
6JQ3T,687,490611120310
6QT28,246,490612100208
6KQT8,404,490613121008
6KAJ3,409,490613141103
6A5Q8,133,490614051208
6AT29,515,490614100209
72AQ3,348,490702141203
7365A,834,490703060514
739QK,400,490703091213
73TQK,615,490703101213
753J2,714,490705031102
7836A,464,490708030614
798TK,823,490709081013
7T6QA,642,490710061214
7JK93,872,490711130903
7Q5A3,929,490712051403
7QT3J,321,490712100311
7AT3Q,145,490714100312
824K7,739,490802041307
82J3A,175,490802110314
84Q95,25,490804120905
84A67,760,490804140607
859J6,436,490805091106
87364,762,490807030604
87Q6T,544,490807120610
89JA2,771,490809111402
8T43A,942,490810040314
8TAJ5,251,490810141105
8J6Q9,439,490811061209
8J93K,635,490811090313
8J97K,124,490811090713
8QTJK,638,490812101113
8K2TA,476,490813021014
8K3JT,386,490813031110
8K5QT,561,490813051210
92356,627,490902030506
923A7,384,490902031407
957AK,671,490905071413
95J32,182,490905110302
95QA7,613,490905121407
98TA7,399,490908101407
98ATJ,156,490908141011
9TA6Q,617,490910140612
9J2K3,402,490911021303
9Q875,753,490912080705
9QK6T,938,490912130610
9KA5Q,462,490913140512
9A47Q,110,490914040712
9A48K,17,490914040813
9A68J,856,490914060811
9A6Q7,64,490914061207
T2Q6J,845,491002120611
T48J5,893,491004081105
T4Q58,616,491004120508
T5239,851,491005020309
T65KQ,841,491006051312
T6784,395,491006070804
T68QJ,962,491006081211
T7524,683,491007050204
T7K36,325,491007130306
T8A96,529,491008140906
T9236,448,491009020306
T97A3,594,491009071403
T9Q28,587,491009120208
TQ758,759,491012070508
TQJ56,219,491012110506
TQJKA,265,491012111314
TK83A,53,491013080314
TA586,886,491014050806
TAK79,984,491014130709
J243T,965,491102040310
J4287,417,491104020807
J42K8,469,491104021308
J4795,576,491104070905
J4K73,956,491104130703
J583K,206,491105080313
J74A9,318,491107041409
J7923,217,491107090203
J7946,304,491107090406
J7T86,42,491107100806
J7TK8,916,491107101308
J8QK4,691,491108121304
J9583,605,491109050803
JTK95,684,491110130905
JQ236,155,491112020306
JQ382,825,491112030802
JQ53T,900,491112050310
JAT79,455,491114100709
Q27K5,970,491202071305
Q29A6,358,491202091406
Q39K6,257,491203091306
Q53A2,543,491205031402
Q58T6,992,491205081006
Q6374,161,491206030704
Q68A7,752,491206081407
Q7683,855,491207060803
Q78K9,507,491207081309
Q7K36,842,491207130306
Q894A,603,491208090414
Q94A5,121,491209041405
Q9K25,190,491209130205
QTJ75,299,491210110705
QTAJ6,149,491210141106
QJ7A4,838,491211071404
QA28T,8,491214020810
QA63J,952,491214060311
K23JQ,335,491302031112
K2465,770,491302040605
K2539,445,491302050309
K269J,720,491302060911
K3459,599,491303040509
K3J59,339,491303110509
K6T45,902,491306100405
K792J,268,491307090211
K8256,713,491308020506
K8TAQ,969,491308101412
KT2A4,591,491310021404
KT528,27,491310050208
KA976,158,491314090706
KAQ23,314,491314120203
A25J7,212,491402051107
A2658,531,491402060508
A42J3,336,491404021103
A52J4,351,491405021104
A56J7,405,491405061107
A5849,202,491405080409
A5T8Q,889,491405100812
A74Q8,366,491407041208
A7865,396,491407080605
A8569,380,491408050609
ATKQ7,783,491410131207
AJ6KQ,679,491411061312
AJ8Q6,93,491411081206
AJ8KT,524,491411081310
AJ9Q5,710,491411091205
AJKT5,474,491411131005
AK9T3,303,491413091003
22437,260,590202040307
225JK,786,590202051113
227TQ,776,590202071012
25975,346,590205090705
2652J,355,590206050211
26T2J,870,590206100211
26J42,94,590206110402
26QQ5,650,590206121205
282J6,502,590208021106
285J5,698,590208051105
286TT,218,590208061010
289AA,63,590208091414
29869,374,590209080609
2TT39,997,590210100309
2Q2T6,890,590212021006
2Q2J4,244,590212021104
2A2JK,259,590214021113
2A72J,839,590214070211
3235K,108,590302030513
32544,857,590302050404
32Q24,272,590302120204
33J85,649,590303110805
354T3,921,590305041003
3558T,609,590305050810
35898,194,590305080908
366T4,301,590306061004
3676K,324,590306070613
3844J,440,590308040411
38KQK,79,590308131213
392A2,774,590309021402
399JA,791,590309091114
3T2T6,723,590310021006
3T963,69,590310090603
3TQQA,250,590310121214
3Q66T,981,590312060610
3Q98Q,230,590312090812
3QT93,618,590312100903
3K44Q,522,590313040412
3AJQ3,423,590314111203
3AA5Q,657,590314140512
423A4,879,590402031404
4282Q,126,590402080212
4335A,707,590403030514
43626,139,590403060206
439QQ,863,590403091212
44632,37,590404060302
447A2,592,590404071402
44A38,797,590404140308
45JT5,221,590405111005
4745J,793,590407040511
47TA7,810,590407101407
48775,248,590408070705
48J28,327,590408110208
49JK9,214,590409111309
4T4KA,640,590410041314
4TJ5T,500,590410110510
4J665,749,590411060605
4JK47,317,590411130407
4JKK8,761,590411131308
4Q62Q,279,590412060212
4QQA9,919,590412121409
4K2QK,179,590413021213
4K42Q,426,590413040212
4A272,52,590414020702
4AJA3,837,590414111403
4AA68,415,590414140608
52JKK,619,590502111313
54834,741,590504080304
57466,213,590507040606
57J74,97,590507110704
57QQ9,581,590507121209
588T2,688,590508081002
58AQ8,963,590508141208
5T399,3,590510030909
5J232,66,590511020302
5J2Q2,459,590511021202
5J5A7,59,590511051407
5Q546,379,590512050406
5Q5K3,129,590512051303
5K65Q,356,590513060512
5AQ65,940,590514120605
5AK4A,968,590514130414
635J6,637,590603051106
63QQJ,699,590603121211
65258,559,590605020508
66TK9,610,590606101309
67TT4,820,590607101004
68A8J,263,590608140811
69367,730,590609030607
6956T,512,590609050610
69K88,178,590609130808
6T5TQ,387,590610051012
6TTQK,853,590610101213
6TJTQ,575,590610111012
6J6K2,446,590611061302
6JK6T,571,590611130610
6K244,843,590613020404
6K6QJ,397,590613061211
6KK9J,807,590613130911
6AAK9,980,590614141309
732KK,482,590703021313
74JJK,341,590704111113
752J7,712,590705021107
75Q79,283,590705120709
7622Q,950,590706020212
7742A,788,590707040214
77T2Q,264,590707100212
77T82,844,590707100802
77J42,275,590707110402
77KQ9,361,590707131209
788A6,898,590708081406
793KK,286,590709031313
7TTJ8,307,590710101108
7TQ55,748,590710120505
7TKTJ,41,590710131011
7J252,183,590711020502
7JJ95,757,590711110905
7Q279,800,590712020709
7K723,7,590713070203
7KJ79,567,590713110709
82J83,540,590802110803
82J87,293,590802110807
833QJ,274,590803031211
863T6,910,590806031006
87J44,861,590807110404
87K8J,461,590807130811
87A99,172,590807140909
8829A,364,590808020914
884JT,450,590808041110
885TA,180,590808051014
88A3T,945,590808140310
8996K,633,590809090613
8T4AT,746,590810041410
8TJQJ,300,590810111211
8JA4A,936,590811140414
8A268,276,590814020608
8A2AJ,371,590814021411
93792,812,590903070902
95926,818,590905090206
969J3,223,590906091103
96AJ9,702,590906141109
97A39,148,590907140309
9894K,159,590908090413
98JQ9,329,590908111209
995KA,65,590909051314
9T2Q2,494,590910021202
9T557,269,590910050507
9TJAA,562,590910111414
9TA9K,207,590910140913
9QK6Q,906,590912130612
9KK38,281,590913130308
T2274,122,591002020704
T2447,726,591002040407
T2696,239,591002060906
T3A3J,192,591003140311
T3A5T,430,591003140510
T4428,266,591004040208
T449Q,484,591004040912
T4TJ9,441,591004101109
T6377,243,591006030707
T656A,373,591006050614
T6746,196,591006070406
T67J7,766,591006071107
T68KK,138,591006081313
T787J,127,591007080711
T78T4,527,591007081004
T85T4,237,591008051004
T868J,584,591008060811
T86T9,943,591008061009
T8AKK,316,591008141313
T9767,908,591009070607
T9J95,646,591009110905
T9ATJ,725,591009141011
TJ24J,92,591011020411
TQ9JQ,554,591012091112
TA3JT,193,591014031110
TA74A,330,591014070414
TA979,521,591014090709
TAJKT,291,591014111310
J23T3,228,591102031003
J2TQQ,939,591102101212
J2KK7,383,591102131307
J3683,704,591103060803
J373A,525,591103070314
J3J29,520,591103110209
J3Q6J,510,591103120611
J4456,747,591104040506
J448Q,673,591104040812
J525T,996,591105020510
J52J4,220,591105021104
J55TK,518,591105051013
J5K58,135,591105130508
J6998,705,591106090908
J7339,639,591107030309
J86A6,205,591108061406
J87QJ,76,591108071211
JT883,81,591110080803
JQ2Q7,794,591112021207
JQ68J,323,591112060811
JA5AK,454,591114051413
JA6JK,231,591114061113
Q2KKJ,733,591202131311
Q553J,370,591205050311
Q5J33,806,591205110303
Q5J52,964,591205110502
Q5J99,189,591205110909
Q639Q,10,591206030912
Q7TTK,489,591207101013
Q87A7,160,591208071407
Q882J,758,591208080211
Q8QK5,184,591208121305
Q8K28,528,591208130208
QT7K7,308,591210071307
QJ699,846,591211060909
QJTQK,388,591211101213
QQ96J,35,591212090611
QK2QT,497,591213021210
QK9K2,468,591213091302
QA223,136,591214020203
QA737,887,591214070307
K3774,721,591303070704
K383J,55,591303080311
K72T7,829,591307021007
K89QQ,696,591308091212
K9259,334,591309020509
KTA88,536,591310140808
KJ577,447,591311050707
KJ868,115,591311080608
KJJ3T,647,591311110310
KQ8TK,319,591312081013
KQT2K,795,591312100213
KQJ2J,16,591312110211
KK6J4,295,591313061104
KK7T3,262,591313071003
KKQT5,256,591313121005
KAT2T,197,591314100210
A25A4,580,591402051404
A2656,119,591402060506
A2K7K,547,591402130713
A3QQ8,315,591403121208
A422Q,98,591404020212
A4266,188,591404020606
A55Q9,875,591405051209
A5996,954,591405090906
A5TQ5,785,591405101205
A5J3J,808,591405110311
A5JA2,573,591405111402
A5Q8A,912,591405120814
A737J,967,591407030711
A99K8,167,591409091308
A9AJ3,413,591409141103
AJQ2J,523,591411120211
AQ56Q,611,591412050612
AKJ8K,583,591413110813
223TT,565,690202031010
223QQ,620,690202031212
22499,892,690202040909
22559,285,690202050509
227JJ,568,690202071111
22J44,991,690202110404
22JJ5,570,690202111105
23993,22,690203090903
24472,352,690204040702
25533,292,690205050303
262QQ,787,690206021212
26624,419,690206060204
27723,106,690207070203
28442,43,690208040402
28628,924,690208060208
28992,715,690208090902
299J2,674,690209091102
2KK2Q,340,690213130212
2A88A,95,690214080814
339K9,45,690303091309
343TT,46,690304031010
344TT,848,690304041010
34J3J,901,690304110311
34K4K,689,690304130413
35588,141,690305050808
35635,645,690305060305
35757,186,690305070507
3636Q,103,690306030612
37997,403,690307090907
383KK,477,690308031313
38737,408,690308070307
38853,434,690308080503
38938,147,690308090308
3TT3J,796,690310100311
3J22J,801,690311020211
3J53J,90,690311050311
3JJQ3,608,690311111203
433K4,508,690403031304
44577,632,690404050707
448A8,443,690404081408
44996,382,690404090906
44JJ9,449,690404111109
46767,836,690406070607
474J7,168,690407041107
47TT4,961,690407101004
49849,682,690409080409
4Q9Q4,164,690412091204
4QQ4K,435,690412120413
4K4KA,24,690413041314
4A45A,104,690414040514
52J25,526,690502110205
53939,509,690503090309
54858,928,690504080508
5522T,925,690505020210
5588A,519,690505080814
5599J,467,690505090911
55K8K,312,690505130813
55KJK,165,690505131113
55KQQ,849,690505131212
56Q6Q,208,690506120612
57252,376,690507020502
58J85,541,690508110805
59QQ5,437,690509121205
5T44T,517,690510040410
5J454,736,690511040504
5JJ88,847,690511110808
5QQ56,173,690512120506
5QA5Q,563,690512140512
5A54A,1000,690514050414
63623,983,690603060203
655T6,23,690605051006
65695,350,690605060905
66544,429,690606050404
6655J,362,690606050511
66922,105,690606090202
66J4J,253,690606110411
66AA7,57,690606141407
6J464,88,690611040604
6J7J6,946,690611071106
6K6K7,973,690613061307
6A22A,653,690614020214
727J2,585,690702071102
73366,347,690703030606
73763,809,690703070603
737J3,377,690703071103
757QQ,38,690705071212
76TT7,903,690706101007
77224,227,690707020204
77822,215,690707080202
787A8,51,690708071408
7887K,631,690708080713
79272,982,690709020702
7TT74,487,690710100704
7Q7JQ,755,690712071112
7K7K4,296,690713071304
7A7A3,828,690714071403
7A7A8,955,690714071408
8686J,865,690806080611
88223,201,690808020203
88779,342,690808070709
88JQQ,878,690808111212
88AA5,460,690808141405
89J98,152,690809110908
8Q86Q,6,690812080612
8A99A,765,690814090914
92A92,677,690902140902
95795,61,690905070905
97393,481,690907030903
97733,385,690907070303
97QQ7,596,690907121207
98779,718,690908070709
99488,667,690909040808
99J66,326,690909110606
99Q6Q,389,690909120612
9K494,729,690913040904
9A88A,799,690914080814
9AJ9A,273,690914110914
T2992,516,691002090902
T2Q2T,666,691002120210
T338T,629,691003030810
T44T8,941,691004041008
T676T,993,691006070610
T9595,506,691009050905
T99TJ,2,691009091011
TT272,277,691010020702
TT335,636,691010030305
TT633,153,691010060303
TT6KK,56,691010061313
TT778,185,691010070708
TT998,877,691010090908
TQ99Q,267,691012090912
TKK4T,926,691013130410
J2K2K,394,691102130213
J3QJQ,918,691103121112
J464J,134,691104060411
J48J4,763,691104081104
J6336,780,691106030306
J7676,282,691107060706
J77TJ,882,691107071011
J7J75,109,691107110705
JT4T4,676,691110041004
JTQJT,604,691110121110
JJ22T,332,691111020210
JJ6K6,463,691111061306
JJ88Q,664,691111080812
JQJ6Q,241,691112110612
JQQ66,232,691112120606
JA3A3,354,691114031403
Q2727,177,691202070207
Q2Q52,530,691202120502
Q46Q4,422,691204061204
Q488Q,669,691204080812
Q4QA4,542,691204121404
Q55Q3,869,691205051203
Q5JQ5,86,691205111205
Q5Q44,1,691205120404
Q6Q26,144,691206120206
Q7QK7,717,691207121307
Q929Q,401,691209020912
QTTQ2,12,691210101202
QQ33J,191,691212030311
QQJJ7,125,691212111107
QQKTT,751,691212131010
K242K,209,691302040213
K2K82,29,691302130802
K3K22,470,691303130202
K4848,216,691304080408
K565K,572,691305060513
K77JJ,623,691307071111
K7QK7,814,691307121307
KJTKT,860,691311101310
KJKJT,867,691311131110
KQ8Q8,375,691312081208
KQQK2,504,691312121302
KK884,310,691313080804
KA2AK,690,691314021413
A5A66,966,691405140606
A6A62,407,691406140602
A7A7K,708,691407140713
A887A,971,691408080714
A8TA8,754,691408101408
A966A,661,691409060614
A9696,255,691409060906
ATA55,593,691410140505
AJ5J5,31,691411051105
AJ77A,551,691411070714
AJAJ6,693,691411141106
AK9AK,372,691413091413
AA8J8,21,691414081108
AAJKK,931,691414111313
AAQ77,678,691414120707
222J3,804,790202021103
2242K,548,790202040213
22J29,864,790202110209
22QT2,935,790202121002
2333K,211,790203030313
24228,49,790204020208
27774,896,790207070704
2777A,40,790207070714
28262,73,790208020602
29242,735,790209020402
292T2,70,790209021002
29995,651,790209090905
29KKK,697,790209131313
2QAAA,826,790212141414
3233A,778,790302030314
33539,840,790303050309
33JA3,54,790303111403
33A3T,579,790303140310
35373,558,790305030703
363Q3,313,790306031203
3T332,835,790310030302
3J373,496,790311030703
3Q343,986,790312030403
4446J,425,790404040611
44483,999,790404040803
4464K,656,790404060413
4484Q,987,790404080412
4484K,706,790404080413
454K4,711,790405041304
45556,363,790405050506
45A55,360,790405140505
4T44J,280,790410040411
4QJ44,533,790412110404
4QQQ8,102,790412121208
552J5,832,790505021105
5554J,48,790505050411
5556K,130,790505050613
555Q7,414,790505051207
55JT5,20,790505111005
55K5Q,909,790505130512
575A5,577,790507051405
57T77,39,790507100707
58K88,756,790508130808
59222,150,790509020202
59949,553,790509090409
59TTT,120,790509101010
5T455,118,790510040505
5J55K,700,790511050513
5J595,974,790511050905
5Q855,418,790512080505
62T66,911,790602100606
65A66,871,790605140606
6626J,416,790606020611
663T6,658,790606031006
665Q6,78,790606051206
66Q6T,11,790606120610
66K56,511,790606130506
68466,537,790608040606
6888T,574,790608080810
6Q662,452,790612060602
6KKKQ,913,790613131312
6AAAJ,87,790614141411
72J22,750,790702110202
7333Q,137,790703030312
73787,501,790703070807
77789,288,790707070809
777J2,884,790707071102
79299,772,790709020909
7J7T7,71,790711071007
7Q2QQ,655,790712021212
7K8KK,154,790713081313
7KKK9,410,790713131309
7A7K7,904,790714071307
82883,492,790802080803
83J88,432,790803110808
84442,72,790804040402
85887,367,790805080807
8848A,198,790808040814
8J688,466,790811060808
8J885,779,790811080805
92722,224,790902070202
92QQQ,116,790902121212
949Q9,514,790904091209
95444,309,790905040404
95T99,995,790905100909
966K6,586,790906061306
97757,988,790907070507
98883,922,790908080803
98969,659,790908090609
98J88,302,790908110808
9939T,550,790909030910
9959A,458,790909050914
9992T,368,790909090210
999J8,33,790909091108
9TTTJ,233,790910101011
9J499,737,790911040909
9J799,261,790911070909
9JJ2J,163,790911110211
9A4AA,444,790914041414
T36TT,349,791003061010
T3QQQ,897,791003121212
T42TT,681,791004021010
T4JTT,557,791004111010
T999Q,595,791009090912
T9T8T,977,791009100810
TT53T,626,791010050310
TTT3K,486,791010100313
TTTQ2,979,791010101202
TTTKA,578,791010101314
TTJT8,117,791010111008
TJ7TT,546,791011071010
TKJTT,242,791013111010
J4454,146,791104040504
J5TTT,438,791105101010
J7774,535,791107070704
J84JJ,369,791108041111
J9333,181,791109030303
Q2722,598,791202070202
Q3332,107,791203030302
Q44A4,989,791204041404
Q4QQ7,621,791204121207
Q5Q6Q,245,791205120612
Q666J,513,791206060611
Q666K,271,791206060613
Q8898,199,791208080908
Q999K,114,791209090913
Q9TQQ,36,791209101212
QT555,625,791210050505
QT8QQ,391,791210081212
QJTQQ,874,791211101212
QJQQ6,728,791211121206
QQ67Q,203,791212060712
QQQ8A,972,791212120814
QKJKK,166,791213111313
K2JKK,19,791302111313
K34KK,427,791303041313
K3KK7,465,791303131307
K444J,96,791304040411
K93KK,937,791309031313
K999J,769,791309090911
KJ8KK,662,791311081313
KJK7K,473,791311130713
KKKJT,365,791313131110
KKAKJ,32,791313141311
KKAKQ,745,791313141312
A66J6,84,791406061106
A75AA,18,791407051414
A8AA5,249,791408141405
A9AAQ,648,791409141412
AT8TT,428,791410081010
AA62A,322,791414060214
AAQA3,589,791414121403
AAQAK,802,791414121413
22992,601,890202090902
22K2K,789,890202130213
27727,819,890207070207
2J22J,549,890211020211
2QQQ2,821,890212121202
33232,628,890303020302
33388,478,890303030808
33666,600,890303060606
35533,634,890305050303
3J33J,534,890311030311
3Q3QQ,111,890312031212
3K33K,930,890313030313
42422,607,890402040202
44949,899,890404090409
44JJ4,738,890404111104
44A4A,4,890404140414
49499,672,890409040909
4KK4K,15,890413130413
4AA4A,880,890414140414
55252,83,890505020502
55445,204,890505040405
555AA,932,890505051414
55777,112,890505070707
56655,74,890506060505
58885,424,890508080805
59995,805,890509090905
5TT5T,359,890510100510
5JJ5J,390,890511110511
5QQ55,862,890512120505
5QQ5Q,975,890512120512
5KK55,298,890513130505
5A5AA,773,890514051414
63363,254,890603030603
6QQ6Q,174,890612120612
76676,545,890706060706
77766,101,890707070606
77KKK,289,890707131313
7A77A,803,890714070714
86688,663,890806060808
87778,305,890807070708
87878,949,890807080708
88338,82,890808030308
88448,686,890808040408
888JJ,719,890808081111
8TT8T,775,890810100810
8J8JJ,338,890811081111
93939,480,890903090309
95955,895,890905090505
97979,798,890907090709
99898,680,890909080908
99AAA,442,890909141414
9T9T9,353,890910091009
9TT9T,564,890910100910
9J9J9,420,890911091109
9Q99Q,143,890912090912
9KK9K,333,890913130913
T55T5,479,891005051005
T7T77,552,891007100707
T88T8,670,891008081008
TT222,225,891010020202
TT66T,252,891010060610
TTTAA,5,891010101414
TQTQQ,881,891012101212
TKTKT,824,891013101310
J555J,393,891105050511
J77J7,957,891107071107
JTTTJ,923,891110101011
JJJ44,668,891111110404
JJAJA,816,891111141114
JQJQQ,247,891112111212
Q222Q,258,891202020212
Q33Q3,381,891203031203
Q666Q,958,891206060612
QQ444,505,891212040404
QQ44Q,602,891212040412
QQ7Q7,297,891212071207
QQTTT,75,891212101010
QQAAQ,132,891212141412
QKKKQ,392,891213131312
K33KK,331,891303031313
K666K,30,891306060613
KK8K8,131,891313081308
KKJKJ,959,891313111311
KKK66,934,891313130606
A77AA,270,891407071414
AJJAA,915,891411111414
AA666,815,891414060606
AA66A,311,891414060614
AA888,888,891414080808
AA8A8,421,891414081408
AAKKK,614,891414131313
2222A,210,990202020214
22282,695,990202020802
222J2,833,990202021102
22622,850,990202060202
22K22,590,990202130202
23333,229,990203030303
24444,675,990204040404
25555,883,990205050505
26666,830,990206060606
2TTTT,433,990210101010
2Q222,660,990212020202
2KKKK,162,990213131313
3333J,654,990303030311
33343,34,990303030403
333A3,13,990303031403
33633,953,990303060303
33Q33,236,990303120303
35333,732,990305030303
42222,873,990402020202
44434,813,990404040304
4444J,976,990404040411
44454,238,990404040504
44474,612,990404040704
44484,491,990404040804
44494,187,990404040904
444A4,854,990404041404
44Q44,498,990404120404
55355,47,990505030505
55545,398,990505050405
55556,485,990505050506
5555K,337,990505050513
555J5,764,990505051105
55T55,343,990505100505
5Q555,456,990512050505
63666,80,990603060606
65666,378,990605060606
66667,226,990606060607
66669,947,990606060609
6T666,431,990610060606
6QQQQ,495,990612121212
6K666,538,990613060606
6A666,588,990614060606
6AAAA,483,990614141414
77377,790,990707030707
77774,978,990707070704
77787,701,990707070807
777T7,26,990707071007
777Q7,624,990707071207
777A7,344,990707071407
83333,67,990803030303
88688,891,990808060808
88885,9,990808080805
88887,235,990808080807
8888A,768,990808080814
888Q8,917,990808081208
8T888,641,990810080808
8J888,357,990811080808
8JJJJ,685,990811111111
8AAAA,490,990814141414
97777,287,990907070707
99299,907,990909020909
99599,556,990909050909
99799,503,990909070909
99899,176,990909080909
99994,727,990909090904
9999J,822,990909090911
9QQQQ,811,990912121212
T3TTT,868,991003101010
TT6TT,781,991010061010
TTTT4,784,991010101004
TTJTT,944,991010111010
TTQTT,113,991010121010
J6666,406,991106060606
J7777,740,991107070707
JKKKK,948,991113131313
QQQ2Q,927,991212120212
QQQQT,306,991212121210
QQQQJ,731,991212121211
QQKQQ,453,991212131212
K3333,652,991303030303
K4444,284,991304040404
K7777,985,991307070707
K8888,742,991308080808
KTKKK,724,991310131313
KK4KK,328,991313041313
KKK3K,703,991313130313
KKK7K,475,991313130713
KKK9K,709,991313130913
KKKK5,555,991313131305
KKKK8,77,991313131308
KKKKQ,28,991313131312
KAKKK,782,991314131313
AQAAA,994,991412141414
AAA3A,50,991414140314
AAAA2,290,991414141402
AAAA9,734,991414141409
AAAAJ,14,991414141411
JJJJJ,488,1091111111111